<?xml version="1.0" encoding="UTF-8"?>
<robot generator="Robot 7.0 (Python 3.12.1 on win32)" generated="2024-02-07T15:02:21.302570" rpa="false" schemaversion="5">
<suite id="s1" name="Robot frame" source="C:\Users\Administrateur\Documents\GitHub\Robot_frame">
<suite id="s1-s1" name="Projetp2" source="C:\Users\Administrateur\Documents\GitHub\Robot_frame\projetp2">
<suite id="s1-s1-s1" name="Tests" source="C:\Users\Administrateur\Documents\GitHub\Robot_frame\projetp2\tests">
<suite id="s1-s1-s1-s1" name="Vente" source="C:\Users\Administrateur\Documents\GitHub\Robot_frame\projetp2\tests\vente.robot">
<test id="s1-s1-s1-s1-t1" name="TC1 - verification du lien" line="14">
<kw name="Open Browser" owner="SeleniumLibrary">
<msg time="2024-02-07T15:02:21.599968" level="INFO">Opening browser 'chrome' to base url 'https://weathershopper.pythonanywhere.com/'.</msg>
<arg>${URL}</arg>
<arg>${Browser}</arg>
<doc>Opens a new browser instance to the optional ``url``.</doc>
<status status="PASS" start="2024-02-07T15:02:21.599916" elapsed="2.495131"/>
</kw>
<kw name="Click Element" owner="SeleniumLibrary">
<msg time="2024-02-07T15:02:24.097041" level="INFO">Clicking element 'xpath:/html/body/div[1]/div[1]/span'.</msg>
<arg>xpath:/html/body/div[1]/div[1]/span</arg>
<doc>Click the element identified by ``locator``.</doc>
<status status="PASS" start="2024-02-07T15:02:24.096044" elapsed="0.114689"/>
</kw>
<kw name="Sleep" owner="BuiltIn">
<msg time="2024-02-07T15:02:29.213038" level="INFO">Slept 5 seconds.</msg>
<arg>5s</arg>
<doc>Pauses the test executed for the given time.</doc>
<status status="PASS" start="2024-02-07T15:02:24.211748" elapsed="5.001290"/>
</kw>
<kw name="verifier">
<kw name="Wait Until Element Is Visible" owner="SeleniumLibrary">
<arg>locator=${path}</arg>
<arg>timeout=10s</arg>
<doc>Waits until the element ``locator`` is visible.</doc>
<status status="PASS" start="2024-02-07T15:02:29.216032" elapsed="0.039590"/>
</kw>
<kw name="Page Should Contain" owner="SeleniumLibrary">
<msg time="2024-02-07T15:02:29.276725" level="INFO">Current page contains text 'Your task'.</msg>
<arg>text=${message}</arg>
<doc>Verifies that current page contains ``text``.</doc>
<status status="PASS" start="2024-02-07T15:02:29.256619" elapsed="0.020106"/>
</kw>
<arg>${task_path}</arg>
<arg>Your task</arg>
<status status="PASS" start="2024-02-07T15:02:29.214220" elapsed="0.063503"/>
</kw>
<kw name="temperature and task">
<kw name="Get Text" owner="SeleniumLibrary">
<msg time="2024-02-07T15:02:29.318763" level="INFO">${temperature_text} = 35 °C</msg>
<var>${temperature_text}</var>
<arg>//*[@id="temperature"]</arg>
<doc>Returns the text value of the element identified by ``locator``.</doc>
<status status="PASS" start="2024-02-07T15:02:29.279718" elapsed="0.039045"/>
</kw>
<kw name="Get Substring" owner="String">
<msg time="2024-02-07T15:02:29.319760" level="INFO">${cleaned_text} = 35</msg>
<var>${cleaned_text}</var>
<arg>${temperature_text}</arg>
<arg>0</arg>
<arg>2</arg>
<doc>Returns a substring from ``start`` index to ``end`` index.</doc>
<status status="PASS" start="2024-02-07T15:02:29.318763" elapsed="0.001995"/>
</kw>
<kw name="Log" owner="BuiltIn">
<msg time="2024-02-07T15:02:29.321755" level="INFO">le nombre est 35 °C et est devenu 35</msg>
<arg>le nombre est ${temperature_text} et est devenu ${cleaned_text}</arg>
<doc>Logs the given message with the given level.</doc>
<status status="PASS" start="2024-02-07T15:02:29.320758" elapsed="0.000997"/>
</kw>
<kw name="Convert To Number" owner="BuiltIn">
<msg time="2024-02-07T15:02:29.322753" level="INFO">${temperature_number} = 35.0</msg>
<var>${temperature_number}</var>
<arg>${cleaned_text}</arg>
<doc>Converts the given item to a floating point number.</doc>
<status status="PASS" start="2024-02-07T15:02:29.321755" elapsed="0.002183"/>
</kw>
<if>
<branch type="IF" condition="${temperature_number} &lt;19">
<kw name="Click Element" owner="SeleniumLibrary">
<arg>//a[@href="/moisturizer"]</arg>
<doc>Click the element identified by ``locator``.</doc>
<status status="NOT RUN" start="2024-02-07T15:02:29.324938" elapsed="0.000000"/>
</kw>
<kw name="Page Should Contain" owner="SeleniumLibrary">
<arg>text=Moisturizers</arg>
<doc>Verifies that current page contains ``text``.</doc>
<status status="NOT RUN" start="2024-02-07T15:02:29.325935" elapsed="0.000000"/>
</kw>
<status status="NOT RUN" start="2024-02-07T15:02:29.323938" elapsed="0.001997"/>
</branch>
<branch type="ELSE IF" condition="${temperature_number} &gt;34">
<kw name="Click Element" owner="SeleniumLibrary">
<msg time="2024-02-07T15:02:29.327930" level="INFO">Clicking element '//a[@href="/sunscreen"]'.</msg>
<arg>//a[@href="/sunscreen"]</arg>
<doc>Click the element identified by ``locator``.</doc>
<status status="PASS" start="2024-02-07T15:02:29.326933" elapsed="0.841759"/>
</kw>
<kw name="Page Should Contain" owner="SeleniumLibrary">
<msg time="2024-02-07T15:02:30.194726" level="INFO">Current page contains text 'Sunscreens'.</msg>
<arg>text=Sunscreens</arg>
<doc>Verifies that current page contains ``text``.</doc>
<status status="PASS" start="2024-02-07T15:02:30.168692" elapsed="0.026034"/>
</kw>
<status status="PASS" start="2024-02-07T15:02:29.325935" elapsed="0.869788"/>
</branch>
<status status="PASS" start="2024-02-07T15:02:29.323938" elapsed="0.871785"/>
</if>
<status status="PASS" start="2024-02-07T15:02:29.278720" elapsed="0.917003"/>
</kw>
<kw name="Fermer navigateur">
<kw name="Sleep" owner="BuiltIn">
<msg time="2024-02-07T15:02:50.201245" level="INFO">Slept 20 seconds.</msg>
<arg>${sleep}</arg>
<doc>Pauses the test executed for the given time.</doc>
<status status="PASS" start="2024-02-07T15:02:30.200265" elapsed="20.000980"/>
</kw>
<kw name="Close Browser" owner="SeleniumLibrary">
<doc>Closes the current browser.</doc>
<status status="PASS" start="2024-02-07T15:02:50.202242" elapsed="3.772789"/>
</kw>
<arg>${sleep}</arg>
<status status="PASS" start="2024-02-07T15:02:30.198716" elapsed="23.776315"/>
</kw>
<status status="PASS" start="2024-02-07T15:02:21.597897" elapsed="32.378131"/>
</test>
<test id="s1-s1-s1-s1-t2" name="TC2 - Bout en bout achat de produit" line="22">
<kw name="Open Browser" owner="SeleniumLibrary">
<msg time="2024-02-07T15:02:53.980225" level="INFO">Opening browser 'chrome' to base url 'https://weathershopper.pythonanywhere.com/'.</msg>
<arg>${URL}</arg>
<arg>${Browser}</arg>
<doc>Opens a new browser instance to the optional ``url``.</doc>
<status status="PASS" start="2024-02-07T15:02:53.979020" elapsed="2.513015"/>
</kw>
<kw name="Click Element" owner="SeleniumLibrary">
<msg time="2024-02-07T15:02:56.496384" level="INFO">Clicking element 'xpath:/html/body/div[1]/div[1]/span'.</msg>
<arg>xpath:/html/body/div[1]/div[1]/span</arg>
<doc>Click the element identified by ``locator``.</doc>
<status status="PASS" start="2024-02-07T15:02:56.495131" elapsed="0.153288"/>
</kw>
<kw name="Sleep" owner="BuiltIn">
<msg time="2024-02-07T15:03:01.650855" level="INFO">Slept 5 seconds.</msg>
<arg>5s</arg>
<doc>Pauses the test executed for the given time.</doc>
<status status="PASS" start="2024-02-07T15:02:56.649414" elapsed="5.001441"/>
</kw>
<kw name="verifier">
<kw name="Wait Until Element Is Visible" owner="SeleniumLibrary">
<arg>locator=${path}</arg>
<arg>timeout=10s</arg>
<doc>Waits until the element ``locator`` is visible.</doc>
<status status="PASS" start="2024-02-07T15:03:01.652853" elapsed="0.042009"/>
</kw>
<kw name="Page Should Contain" owner="SeleniumLibrary">
<msg time="2024-02-07T15:03:01.715253" level="INFO">Current page contains text 'Your task'.</msg>
<arg>text=${message}</arg>
<doc>Verifies that current page contains ``text``.</doc>
<status status="PASS" start="2024-02-07T15:03:01.694862" elapsed="0.020391"/>
</kw>
<arg>${task_path}</arg>
<arg>Your task</arg>
<status status="PASS" start="2024-02-07T15:03:01.651957" elapsed="0.064292"/>
</kw>
<kw name="temperature and task">
<kw name="Get Text" owner="SeleniumLibrary">
<msg time="2024-02-07T15:03:01.758793" level="INFO">${temperature_text} = 6 ℃</msg>
<var>${temperature_text}</var>
<arg>//*[@id="temperature"]</arg>
<doc>Returns the text value of the element identified by ``locator``.</doc>
<status status="PASS" start="2024-02-07T15:03:01.718245" elapsed="0.040548"/>
</kw>
<kw name="Get Substring" owner="String">
<msg time="2024-02-07T15:03:01.760787" level="INFO">${cleaned_text} = 6 </msg>
<var>${cleaned_text}</var>
<arg>${temperature_text}</arg>
<arg>0</arg>
<arg>2</arg>
<doc>Returns a substring from ``start`` index to ``end`` index.</doc>
<status status="PASS" start="2024-02-07T15:03:01.759869" elapsed="0.000918"/>
</kw>
<kw name="Log" owner="BuiltIn">
<msg time="2024-02-07T15:03:01.761786" level="INFO">le nombre est 6 ℃ et est devenu 6 </msg>
<arg>le nombre est ${temperature_text} et est devenu ${cleaned_text}</arg>
<doc>Logs the given message with the given level.</doc>
<status status="PASS" start="2024-02-07T15:03:01.761786" elapsed="0.000996"/>
</kw>
<kw name="Convert To Number" owner="BuiltIn">
<msg time="2024-02-07T15:03:01.764778" level="INFO">${temperature_number} = 6.0</msg>
<var>${temperature_number}</var>
<arg>${cleaned_text}</arg>
<doc>Converts the given item to a floating point number.</doc>
<status status="PASS" start="2024-02-07T15:03:01.762782" elapsed="0.001996"/>
</kw>
<if>
<branch type="IF" condition="${temperature_number} &lt;19">
<kw name="Click Element" owner="SeleniumLibrary">
<msg time="2024-02-07T15:03:01.766772" level="INFO">Clicking element '//a[@href="/moisturizer"]'.</msg>
<arg>//a[@href="/moisturizer"]</arg>
<doc>Click the element identified by ``locator``.</doc>
<status status="PASS" start="2024-02-07T15:03:01.766772" elapsed="0.671271"/>
</kw>
<kw name="Page Should Contain" owner="SeleniumLibrary">
<msg time="2024-02-07T15:03:02.465407" level="INFO">Current page contains text 'Moisturizers'.</msg>
<arg>text=Moisturizers</arg>
<doc>Verifies that current page contains ``text``.</doc>
<status status="PASS" start="2024-02-07T15:03:02.439028" elapsed="0.026379"/>
</kw>
<status status="PASS" start="2024-02-07T15:03:01.765776" elapsed="0.700630"/>
</branch>
<branch type="ELSE IF" condition="${temperature_number} &gt;34">
<kw name="Click Element" owner="SeleniumLibrary">
<arg>//a[@href="/sunscreen"]</arg>
<doc>Click the element identified by ``locator``.</doc>
<status status="NOT RUN" start="2024-02-07T15:03:02.466406" elapsed="0.000996"/>
</kw>
<kw name="Page Should Contain" owner="SeleniumLibrary">
<arg>text=Sunscreens</arg>
<doc>Verifies that current page contains ``text``.</doc>
<status status="NOT RUN" start="2024-02-07T15:03:02.467402" elapsed="0.000000"/>
</kw>
<status status="NOT RUN" start="2024-02-07T15:03:02.466406" elapsed="0.001993"/>
</branch>
<status status="PASS" start="2024-02-07T15:03:01.765776" elapsed="0.702623"/>
</if>
<status status="PASS" start="2024-02-07T15:03:01.717246" elapsed="0.751153"/>
</kw>
<kw name="Click Element" owner="SeleniumLibrary">
<msg time="2024-02-07T15:03:02.469396" level="INFO">Clicking element 'xpath:/html/body/div[1]/div[3]/div[2]/button'.</msg>
<arg>xpath:/html/body/div[1]/div[3]/div[2]/button</arg>
<doc>Click the element identified by ``locator``.</doc>
<status status="PASS" start="2024-02-07T15:03:02.469396" elapsed="0.077164"/>
</kw>
<kw name="Click Element" owner="SeleniumLibrary">
<msg time="2024-02-07T15:03:02.549604" level="INFO">Clicking element 'xpath:/html/body/div[1]/div[2]/div[1]/button'.</msg>
<arg>xpath:/html/body/div[1]/div[2]/div[1]/button</arg>
<doc>Click the element identified by ``locator``.</doc>
<status status="PASS" start="2024-02-07T15:03:02.548553" elapsed="0.071960"/>
</kw>
<kw name="Click Element" owner="SeleniumLibrary">
<msg time="2024-02-07T15:03:02.623031" level="INFO">Clicking element '//*[@id="cart"]'.</msg>
<arg>//*[@id="cart"]</arg>
<doc>Click the element identified by ``locator``.</doc>
<status status="PASS" start="2024-02-07T15:03:02.621510" elapsed="0.194426"/>
</kw>
<kw name="verification du montant">
<kw name="Get Text" owner="SeleniumLibrary">
<msg time="2024-02-07T15:03:03.718893" level="INFO">${amount1} = 128</msg>
<var>${amount1}</var>
<arg>xpath:/html/body/div[1]/div[2]/table/tbody/tr[1]/td[2]</arg>
<doc>Returns the text value of the element identified by ``locator``.</doc>
<status status="PASS" start="2024-02-07T15:03:02.818929" elapsed="0.900962"/>
</kw>
<kw name="Get Text" owner="SeleniumLibrary">
<msg time="2024-02-07T15:03:03.751760" level="INFO">${amount2} = 215</msg>
<var>${amount2}</var>
<arg>xpath:/html/body/div[1]/div[2]/table/tbody/tr[2]/td[2]</arg>
<doc>Returns the text value of the element identified by ``locator``.</doc>
<status status="PASS" start="2024-02-07T15:03:03.719891" elapsed="0.031869"/>
</kw>
<kw name="Convert To Number" owner="BuiltIn">
<msg time="2024-02-07T15:03:03.753245" level="INFO">${number1} = 128.0</msg>
<var>${number1}</var>
<arg>${amount1}</arg>
<doc>Converts the given item to a floating point number.</doc>
<status status="PASS" start="2024-02-07T15:03:03.752758" elapsed="0.001379"/>
</kw>
<kw name="Convert To Number" owner="BuiltIn">
<msg time="2024-02-07T15:03:03.754725" level="INFO">${number2} = 215.0</msg>
<var>${number2}</var>
<arg>${amount2}</arg>
<doc>Converts the given item to a floating point number.</doc>
<status status="PASS" start="2024-02-07T15:03:03.754204" elapsed="0.001505"/>
</kw>
<kw name="Evaluate" owner="BuiltIn">
<msg time="2024-02-07T15:03:03.756707" level="INFO">${sum} = 343.0</msg>
<var>${sum}</var>
<arg>${number1} + ${number2}</arg>
<doc>Evaluates the given expression in Python and returns the result.</doc>
<status status="PASS" start="2024-02-07T15:03:03.755709" elapsed="0.001995"/>
</kw>
<kw name="Get Text" owner="SeleniumLibrary">
<msg time="2024-02-07T15:03:03.789670" level="INFO">${total_text} = Total: Rupees 343</msg>
<var>${total_text}</var>
<arg>css=.justify-content-center.h4.top-space-20#total</arg>
<doc>Returns the text value of the element identified by ``locator``.</doc>
<status status="PASS" start="2024-02-07T15:03:03.757704" elapsed="0.031966"/>
</kw>
<kw name="Fetch From Right" owner="String">
<msg time="2024-02-07T15:03:03.790668" level="INFO">${total_number} =  343</msg>
<var>${total_number}</var>
<arg>${total_text}</arg>
<arg>Rupees</arg>
<doc>Returns contents of the ``string`` after the last occurrence of ``marker``.</doc>
<status status="PASS" start="2024-02-07T15:03:03.789670" elapsed="0.001994"/>
</kw>
<kw name="Convert To Number" owner="BuiltIn">
<msg time="2024-02-07T15:03:03.792661" level="INFO">${total_number} = 343.0</msg>
<var>${total_number}</var>
<arg>${total_number}</arg>
<doc>Converts the given item to a floating point number.</doc>
<status status="PASS" start="2024-02-07T15:03:03.791664" elapsed="0.000997"/>
</kw>
<kw name="Should Be Equal As Numbers" owner="BuiltIn">
<arg>${sum}</arg>
<arg>${total_number}</arg>
<doc>Fails if objects are unequal after converting them to real numbers.</doc>
<status status="PASS" start="2024-02-07T15:03:03.793658" elapsed="0.000998"/>
</kw>
<status status="PASS" start="2024-02-07T15:03:02.817936" elapsed="0.976720"/>
</kw>
<kw name="Click Element" owner="SeleniumLibrary">
<msg time="2024-02-07T15:03:03.796650" level="INFO">Clicking element 'xpath:/html/body/div[1]/div[3]/form/button/span'.</msg>
<arg>xpath:/html/body/div[1]/div[3]/form/button/span</arg>
<doc>Click the element identified by ``locator``.</doc>
<status status="PASS" start="2024-02-07T15:03:03.795653" elapsed="0.078305"/>
</kw>
<kw name="Wait Until Element Is Visible" owner="SeleniumLibrary">
<arg>xpath=//iframe[contains(@src, 'https://checkout.stripe.com/v3/oivkx0oP8BgueCG8QFpDfA.html')]</arg>
<doc>Waits until the element ``locator`` is visible.</doc>
<status status="PASS" start="2024-02-07T15:03:03.874861" elapsed="0.041966"/>
</kw>
<kw name="Select Frame" owner="SeleniumLibrary">
<msg time="2024-02-07T15:03:03.918822" level="INFO">Selecting frame 'xpath=//iframe[contains(@src, 'https://checkout.stripe.com/v3/oivkx0oP8BgueCG8QFpDfA.html')]'.</msg>
<arg>xpath=//iframe[contains(@src, 'https://checkout.stripe.com/v3/oivkx0oP8BgueCG8QFpDfA.html')]</arg>
<doc>Sets frame identified by ``locator`` as the current frame.</doc>
<status status="PASS" start="2024-02-07T15:03:03.917825" elapsed="0.042142"/>
</kw>
<kw name="Wait Until Element Is Visible" owner="SeleniumLibrary">
<arg>//*[@id="email"]</arg>
<doc>Waits until the element ``locator`` is visible.</doc>
<status status="PASS" start="2024-02-07T15:03:03.960964" elapsed="0.608507"/>
</kw>
<kw name="Input Text" owner="SeleniumLibrary">
<msg time="2024-02-07T15:03:04.570472" level="INFO">Typing text 'test@test.com' into text field 'xpath=//*[@id="email"]'.</msg>
<arg>xpath=//*[@id="email"]</arg>
<arg>${email_address}</arg>
<doc>Types the given ``text`` into the text field identified by ``locator``.</doc>
<status status="PASS" start="2024-02-07T15:03:04.569471" elapsed="0.150982"/>
</kw>
<kw name="carte number">
<for flavor="IN RANGE">
<iter>
<kw name="Input Text" owner="SeleniumLibrary">
<msg time="2024-02-07T15:03:04.723728" level="INFO">Typing text '4242' into text field '//*[@id="card_number"]'.</msg>
<arg>locator=//*[@id="card_number"]</arg>
<arg>text=4242</arg>
<arg>clear=${False}</arg>
<doc>Types the given ``text`` into the text field identified by ``locator``.</doc>
<status status="PASS" start="2024-02-07T15:03:04.722448" elapsed="0.086797"/>
</kw>
<var name="${i}">0</var>
<status status="PASS" start="2024-02-07T15:03:04.722448" elapsed="0.087768"/>
</iter>
<iter>
<kw name="Input Text" owner="SeleniumLibrary">
<msg time="2024-02-07T15:03:04.811850" level="INFO">Typing text '4242' into text field '//*[@id="card_number"]'.</msg>
<arg>locator=//*[@id="card_number"]</arg>
<arg>text=4242</arg>
<arg>clear=${False}</arg>
<doc>Types the given ``text`` into the text field identified by ``locator``.</doc>
<status status="PASS" start="2024-02-07T15:03:04.810529" elapsed="0.074414"/>
</kw>
<var name="${i}">1</var>
<status status="PASS" start="2024-02-07T15:03:04.810529" elapsed="0.074414"/>
</iter>
<iter>
<kw name="Input Text" owner="SeleniumLibrary">
<msg time="2024-02-07T15:03:04.886938" level="INFO">Typing text '4242' into text field '//*[@id="card_number"]'.</msg>
<arg>locator=//*[@id="card_number"]</arg>
<arg>text=4242</arg>
<arg>clear=${False}</arg>
<doc>Types the given ``text`` into the text field identified by ``locator``.</doc>
<status status="PASS" start="2024-02-07T15:03:04.886190" elapsed="0.066052"/>
</kw>
<var name="${i}">2</var>
<status status="PASS" start="2024-02-07T15:03:04.885941" elapsed="0.066301"/>
</iter>
<iter>
<kw name="Input Text" owner="SeleniumLibrary">
<msg time="2024-02-07T15:03:04.955282" level="INFO">Typing text '4242' into text field '//*[@id="card_number"]'.</msg>
<arg>locator=//*[@id="card_number"]</arg>
<arg>text=4242</arg>
<arg>clear=${False}</arg>
<doc>Types the given ``text`` into the text field identified by ``locator``.</doc>
<status status="PASS" start="2024-02-07T15:03:04.954285" elapsed="0.061547"/>
</kw>
<var name="${i}">3</var>
<status status="PASS" start="2024-02-07T15:03:04.953283" elapsed="0.063546"/>
</iter>
<var>${i}</var>
<value>4</value>
<status status="PASS" start="2024-02-07T15:03:04.721451" elapsed="0.295378"/>
</for>
<status status="PASS" start="2024-02-07T15:03:04.721451" elapsed="0.295378"/>
</kw>
<kw name="Sleep" owner="BuiltIn">
<msg time="2024-02-07T15:03:10.019743" level="INFO">Slept 5 seconds.</msg>
<arg>5s</arg>
<doc>Pauses the test executed for the given time.</doc>
<status status="PASS" start="2024-02-07T15:03:05.017826" elapsed="5.002295"/>
</kw>
<kw name="Input Text" owner="SeleniumLibrary">
<msg time="2024-02-07T15:03:10.021737" level="INFO">Typing text '123' into text field '//*[@id="cc-csc"]'.</msg>
<arg>locator=//*[@id="cc-csc"]</arg>
<arg>text=123</arg>
<doc>Types the given ``text`` into the text field identified by ``locator``.</doc>
<status status="PASS" start="2024-02-07T15:03:10.020911" elapsed="0.093521"/>
</kw>
<kw name="date expiration">
<kw name="Input Text" owner="SeleniumLibrary">
<msg time="2024-02-07T15:03:10.117321" level="INFO">Typing text '11' into text field 'id=cc-exp'.</msg>
<arg>id=cc-exp</arg>
<arg>${month}</arg>
<arg>clear=${False}</arg>
<doc>Types the given ``text`` into the text field identified by ``locator``.</doc>
<status status="PASS" start="2024-02-07T15:03:10.116323" elapsed="0.070341"/>
</kw>
<kw name="Input Text" owner="SeleniumLibrary">
<msg time="2024-02-07T15:03:10.187902" level="INFO">Typing text '27' into text field 'id=cc-exp'.</msg>
<arg>id=cc-exp</arg>
<arg>${year}</arg>
<arg>clear=${False}</arg>
<doc>Types the given ``text`` into the text field identified by ``locator``.</doc>
<status status="PASS" start="2024-02-07T15:03:10.186664" elapsed="0.043310"/>
</kw>
<status status="PASS" start="2024-02-07T15:03:10.115325" elapsed="0.114649"/>
</kw>
<kw name="Input Text" owner="SeleniumLibrary">
<msg time="2024-02-07T15:03:10.231960" level="INFO">Typing text '12345' into text field '//*[@id="billing-zip"]'.</msg>
<arg>locator=//*[@id="billing-zip"]</arg>
<arg>text=12345</arg>
<doc>Types the given ``text`` into the text field identified by ``locator``.</doc>
<status status="PASS" start="2024-02-07T15:03:10.231119" elapsed="0.091104"/>
</kw>
<kw name="Click Element" owner="SeleniumLibrary">
<msg time="2024-02-07T15:03:10.324218" level="INFO">Clicking element '//*[@id="submitButton"]/span/span'.</msg>
<arg>//*[@id="submitButton"]/span/span</arg>
<doc>Click the element identified by ``locator``.</doc>
<status status="PASS" start="2024-02-07T15:03:10.323222" elapsed="0.134745"/>
</kw>
<kw name="Unselect Frame" owner="SeleniumLibrary">
<doc>Sets the main frame as the current frame.</doc>
<status status="PASS" start="2024-02-07T15:03:10.458965" elapsed="0.009973"/>
</kw>
<kw name="Sleep" owner="BuiltIn">
<msg time="2024-02-07T15:03:20.470762" level="INFO">Slept 10 seconds.</msg>
<arg>10s</arg>
<doc>Pauses the test executed for the given time.</doc>
<status status="PASS" start="2024-02-07T15:03:10.469936" elapsed="10.000954"/>
</kw>
<kw name="verifier">
<kw name="Wait Until Element Is Visible" owner="SeleniumLibrary">
<arg>locator=${path}</arg>
<arg>timeout=10s</arg>
<doc>Waits until the element ``locator`` is visible.</doc>
<status status="PASS" start="2024-02-07T15:03:20.471886" elapsed="0.019947"/>
</kw>
<kw name="Page Should Contain" owner="SeleniumLibrary">
<msg time="2024-02-07T15:03:20.502926" level="INFO">Current page contains text 'PAYMENT SUCCESS'.</msg>
<arg>text=${message}</arg>
<doc>Verifies that current page contains ``text``.</doc>
<status status="PASS" start="2024-02-07T15:03:20.491833" elapsed="0.012064"/>
</kw>
<arg>xpath=/html/body/div[1]/div[1]/h2</arg>
<arg>PAYMENT SUCCESS</arg>
<status status="PASS" start="2024-02-07T15:03:20.471886" elapsed="0.032011"/>
</kw>
<kw name="Fermer navigateur">
<kw name="Sleep" owner="BuiltIn">
<msg time="2024-02-07T15:03:40.505289" level="INFO">Slept 20 seconds.</msg>
<arg>${sleep}</arg>
<doc>Pauses the test executed for the given time.</doc>
<status status="PASS" start="2024-02-07T15:03:20.504894" elapsed="20.001394"/>
</kw>
<kw name="Close Browser" owner="SeleniumLibrary">
<doc>Closes the current browser.</doc>
<status status="PASS" start="2024-02-07T15:03:40.507315" elapsed="2.143658"/>
</kw>
<arg>${sleep}</arg>
<status status="PASS" start="2024-02-07T15:03:20.503897" elapsed="22.147932"/>
</kw>
<status status="PASS" start="2024-02-07T15:02:53.978023" elapsed="48.675250"/>
</test>
<status status="PASS" start="2024-02-07T15:02:21.360852" elapsed="81.297387"/>
</suite>
<status status="PASS" start="2024-02-07T15:02:21.357859" elapsed="81.304366"/>
</suite>
<status status="PASS" start="2024-02-07T15:02:21.355245" elapsed="81.309971"/>
</suite>
<status status="PASS" start="2024-02-07T15:02:21.327173" elapsed="81.341038"/>
</suite>
<statistics>
<total>
<stat pass="2" fail="0" skip="0">All Tests</stat>
</total>
<tag>
</tag>
<suite>
<stat pass="2" fail="0" skip="0" id="s1" name="Robot frame">Robot frame</stat>
<stat pass="2" fail="0" skip="0" id="s1-s1" name="Projetp2">Robot frame.Projetp2</stat>
<stat pass="2" fail="0" skip="0" id="s1-s1-s1" name="Tests">Robot frame.Projetp2.Tests</stat>
<stat pass="2" fail="0" skip="0" id="s1-s1-s1-s1" name="Vente">Robot frame.Projetp2.Tests.Vente</stat>
</suite>
</statistics>
<errors>
</errors>
</robot>
