<?xml version="1.0" encoding="UTF-8"?>
<robot generator="Robot 7.0 (Python 3.12.1 on win32)" generated="2024-02-07T14:36:03.624891" rpa="false" schemaversion="5">
<suite id="s1" name="Robot frame" source="C:\Users\Administrateur\Documents\GitHub\Robot_frame">
<suite id="s1-s1" name="Projetp2" source="C:\Users\Administrateur\Documents\GitHub\Robot_frame\projetp2">
<suite id="s1-s1-s1" name="Tests" source="C:\Users\Administrateur\Documents\GitHub\Robot_frame\projetp2\tests">
<suite id="s1-s1-s1-s1" name="Vente" source="C:\Users\Administrateur\Documents\GitHub\Robot_frame\projetp2\tests\vente.robot">
<test id="s1-s1-s1-s1-t1" name="TC1 - verification du lien" line="14">
<kw name="Open Browser" owner="SeleniumLibrary">
<msg time="2024-02-07T14:36:03.876030" level="INFO">Opening browser 'chrome' to base url 'https://weathershopper.pythonanywhere.com/'.</msg>
<arg>${URL}</arg>
<arg>${Browser}</arg>
<doc>Opens a new browser instance to the optional ``url``.</doc>
<status status="PASS" start="2024-02-07T14:36:03.876030" elapsed="1.995534"/>
</kw>
<kw name="Click Element" owner="SeleniumLibrary">
<msg time="2024-02-07T14:36:05.872927" level="INFO">Clicking element 'xpath:/html/body/div[1]/div[1]/span'.</msg>
<arg>xpath:/html/body/div[1]/div[1]/span</arg>
<doc>Click the element identified by ``locator``.</doc>
<status status="PASS" start="2024-02-07T14:36:05.871917" elapsed="0.077069"/>
</kw>
<kw name="Sleep" owner="BuiltIn">
<msg time="2024-02-07T14:36:10.950500" level="INFO">Slept 5 seconds.</msg>
<arg>5s</arg>
<doc>Pauses the test executed for the given time.</doc>
<status status="PASS" start="2024-02-07T14:36:05.948986" elapsed="5.002467"/>
</kw>
<kw name="verifier">
<kw name="Wait Until Element Is Visible" owner="SeleniumLibrary">
<arg>locator=${path}</arg>
<arg>timeout=10s</arg>
<doc>Waits until the element ``locator`` is visible.</doc>
<status status="PASS" start="2024-02-07T14:36:10.956926" elapsed="0.039623"/>
</kw>
<kw name="Page Should Contain" owner="SeleniumLibrary">
<msg time="2024-02-07T14:36:11.009841" level="INFO">Current page contains text 'Your task'.</msg>
<arg>text=${message}</arg>
<doc>Verifies that current page contains ``text``.</doc>
<status status="PASS" start="2024-02-07T14:36:10.996549" elapsed="0.013292"/>
</kw>
<arg>${task_path}</arg>
<arg>Your task</arg>
<status status="PASS" start="2024-02-07T14:36:10.953407" elapsed="0.056434"/>
</kw>
<kw name="temperature and task">
<kw name="Get Text" owner="SeleniumLibrary">
<msg time="2024-02-07T14:36:11.034806" level="INFO">${temperature_text} = 5 ℃</msg>
<var>${temperature_text}</var>
<arg>//*[@id="temperature"]</arg>
<doc>Returns the text value of the element identified by ``locator``.</doc>
<status status="PASS" start="2024-02-07T14:36:11.010838" elapsed="0.023968"/>
</kw>
<kw name="Get Substring" owner="String">
<msg time="2024-02-07T14:36:11.035563" level="INFO">${cleaned_text} = 5 </msg>
<var>${cleaned_text}</var>
<arg>${temperature_text}</arg>
<arg>0</arg>
<arg>2</arg>
<doc>Returns a substring from ``start`` index to ``end`` index.</doc>
<status status="PASS" start="2024-02-07T14:36:11.034806" elapsed="0.000757"/>
</kw>
<kw name="Log" owner="BuiltIn">
<msg time="2024-02-07T14:36:11.036559" level="INFO">le nombre est 5 ℃ et est devenu 5 </msg>
<arg>le nombre est ${temperature_text} et est devenu ${cleaned_text}</arg>
<doc>Logs the given message with the given level.</doc>
<status status="PASS" start="2024-02-07T14:36:11.035563" elapsed="0.000996"/>
</kw>
<kw name="Convert To Number" owner="BuiltIn">
<msg time="2024-02-07T14:36:11.036559" level="INFO">${temperature_number} = 5.0</msg>
<var>${temperature_number}</var>
<arg>${cleaned_text}</arg>
<doc>Converts the given item to a floating point number.</doc>
<status status="PASS" start="2024-02-07T14:36:11.036559" elapsed="0.000000"/>
</kw>
<if>
<branch type="IF" condition="${temperature_number} &lt;19">
<kw name="Click Element" owner="SeleniumLibrary">
<msg time="2024-02-07T14:36:11.038522" level="INFO">Clicking element '//a[@href="/moisturizer"]'.</msg>
<arg>//a[@href="/moisturizer"]</arg>
<doc>Click the element identified by ``locator``.</doc>
<status status="PASS" start="2024-02-07T14:36:11.037525" elapsed="0.898785"/>
</kw>
<kw name="Page Should Contain" owner="SeleniumLibrary">
<msg time="2024-02-07T14:36:11.952813" level="INFO">Current page contains text 'Moisturizers'.</msg>
<arg>text=Moisturizers</arg>
<doc>Verifies that current page contains ``text``.</doc>
<status status="PASS" start="2024-02-07T14:36:11.937307" elapsed="0.016535"/>
</kw>
<status status="PASS" start="2024-02-07T14:36:11.037525" elapsed="0.916317"/>
</branch>
<branch type="ELSE IF" condition="${temperature_number} &gt;34">
<kw name="Click Element" owner="SeleniumLibrary">
<arg>//a[@href="/sunscreen"]</arg>
<doc>Click the element identified by ``locator``.</doc>
<status status="NOT RUN" start="2024-02-07T14:36:11.953842" elapsed="0.000000"/>
</kw>
<kw name="Page Should Contain" owner="SeleniumLibrary">
<arg>text=Sunscreens</arg>
<doc>Verifies that current page contains ``text``.</doc>
<status status="NOT RUN" start="2024-02-07T14:36:11.953842" elapsed="0.000966"/>
</kw>
<status status="NOT RUN" start="2024-02-07T14:36:11.953842" elapsed="0.001264"/>
</branch>
<status status="PASS" start="2024-02-07T14:36:11.037525" elapsed="0.917715"/>
</if>
<status status="PASS" start="2024-02-07T14:36:11.010838" elapsed="0.944402"/>
</kw>
<kw name="Fermer navigateur">
<kw name="Sleep" owner="BuiltIn">
<msg time="2024-02-07T14:36:31.958751" level="INFO">Slept 20 seconds.</msg>
<arg>${sleep}</arg>
<doc>Pauses the test executed for the given time.</doc>
<status status="PASS" start="2024-02-07T14:36:11.956808" elapsed="20.003019"/>
</kw>
<kw name="Close Browser" owner="SeleniumLibrary">
<doc>Closes the current browser.</doc>
<status status="PASS" start="2024-02-07T14:36:31.959827" elapsed="2.177327"/>
</kw>
<arg>${sleep}</arg>
<status status="PASS" start="2024-02-07T14:36:11.955806" elapsed="22.181348"/>
</kw>
<status status="PASS" start="2024-02-07T14:36:03.874034" elapsed="30.264070"/>
</test>
<test id="s1-s1-s1-s1-t2" name="TC2 - Bout en bout achat de produit" line="22">
<kw name="Open Browser" owner="SeleniumLibrary">
<msg time="2024-02-07T14:36:34.142211" level="INFO">Opening browser 'chrome' to base url 'https://weathershopper.pythonanywhere.com/'.</msg>
<arg>${URL}</arg>
<arg>${Browser}</arg>
<doc>Opens a new browser instance to the optional ``url``.</doc>
<status status="PASS" start="2024-02-07T14:36:34.141098" elapsed="2.126543"/>
</kw>
<kw name="Click Element" owner="SeleniumLibrary">
<msg time="2024-02-07T14:36:36.269648" level="INFO">Clicking element 'xpath:/html/body/div[1]/div[1]/span'.</msg>
<arg>xpath:/html/body/div[1]/div[1]/span</arg>
<doc>Click the element identified by ``locator``.</doc>
<status status="PASS" start="2024-02-07T14:36:36.268617" elapsed="0.080698"/>
</kw>
<kw name="Sleep" owner="BuiltIn">
<msg time="2024-02-07T14:36:41.351352" level="INFO">Slept 5 seconds.</msg>
<arg>5s</arg>
<doc>Pauses the test executed for the given time.</doc>
<status status="PASS" start="2024-02-07T14:36:36.349315" elapsed="5.002898"/>
</kw>
<kw name="verifier">
<kw name="Wait Until Element Is Visible" owner="SeleniumLibrary">
<arg>locator=${path}</arg>
<arg>timeout=10s</arg>
<doc>Waits until the element ``locator`` is visible.</doc>
<status status="PASS" start="2024-02-07T14:36:41.354205" elapsed="0.043919"/>
</kw>
<kw name="Page Should Contain" owner="SeleniumLibrary">
<msg time="2024-02-07T14:36:41.412056" level="INFO">Current page contains text 'Your task'.</msg>
<arg>text=${message}</arg>
<doc>Verifies that current page contains ``text``.</doc>
<status status="PASS" start="2024-02-07T14:36:41.398124" elapsed="0.013932"/>
</kw>
<arg>${task_path}</arg>
<arg>Your task</arg>
<status status="PASS" start="2024-02-07T14:36:41.353193" elapsed="0.058863"/>
</kw>
<kw name="temperature and task">
<kw name="Get Text" owner="SeleniumLibrary">
<msg time="2024-02-07T14:36:41.435992" level="INFO">${temperature_text} = 39 °C</msg>
<var>${temperature_text}</var>
<arg>//*[@id="temperature"]</arg>
<doc>Returns the text value of the element identified by ``locator``.</doc>
<status status="PASS" start="2024-02-07T14:36:41.413084" elapsed="0.022908"/>
</kw>
<kw name="Get Substring" owner="String">
<msg time="2024-02-07T14:36:41.437023" level="INFO">${cleaned_text} = 39</msg>
<var>${cleaned_text}</var>
<arg>${temperature_text}</arg>
<arg>0</arg>
<arg>2</arg>
<doc>Returns a substring from ``start`` index to ``end`` index.</doc>
<status status="PASS" start="2024-02-07T14:36:41.437023" elapsed="0.000000"/>
</kw>
<kw name="Log" owner="BuiltIn">
<msg time="2024-02-07T14:36:41.437987" level="INFO">le nombre est 39 °C et est devenu 39</msg>
<arg>le nombre est ${temperature_text} et est devenu ${cleaned_text}</arg>
<doc>Logs the given message with the given level.</doc>
<status status="PASS" start="2024-02-07T14:36:41.437023" elapsed="0.000964"/>
</kw>
<kw name="Convert To Number" owner="BuiltIn">
<msg time="2024-02-07T14:36:41.438983" level="INFO">${temperature_number} = 39.0</msg>
<var>${temperature_number}</var>
<arg>${cleaned_text}</arg>
<doc>Converts the given item to a floating point number.</doc>
<status status="PASS" start="2024-02-07T14:36:41.437987" elapsed="0.001142"/>
</kw>
<if>
<branch type="IF" condition="${temperature_number} &lt;19">
<kw name="Click Element" owner="SeleniumLibrary">
<arg>//a[@href="/moisturizer"]</arg>
<doc>Click the element identified by ``locator``.</doc>
<status status="NOT RUN" start="2024-02-07T14:36:41.440115" elapsed="0.000000"/>
</kw>
<kw name="Page Should Contain" owner="SeleniumLibrary">
<arg>text=Moisturizers</arg>
<doc>Verifies that current page contains ``text``.</doc>
<status status="NOT RUN" start="2024-02-07T14:36:41.441439" elapsed="0.000685"/>
</kw>
<status status="NOT RUN" start="2024-02-07T14:36:41.439129" elapsed="0.002995"/>
</branch>
<branch type="ELSE IF" condition="${temperature_number} &gt;34">
<kw name="Click Element" owner="SeleniumLibrary">
<msg time="2024-02-07T14:36:41.443105" level="INFO">Clicking element '//a[@href="/sunscreen"]'.</msg>
<arg>//a[@href="/sunscreen"]</arg>
<doc>Click the element identified by ``locator``.</doc>
<status status="PASS" start="2024-02-07T14:36:41.442124" elapsed="0.940240"/>
</kw>
<kw name="Page Should Contain" owner="SeleniumLibrary">
<msg time="2024-02-07T14:36:42.394364" level="INFO">Current page contains text 'Sunscreens'.</msg>
<arg>text=Sunscreens</arg>
<doc>Verifies that current page contains ``text``.</doc>
<status status="PASS" start="2024-02-07T14:36:42.382364" elapsed="0.013056"/>
</kw>
<status status="PASS" start="2024-02-07T14:36:41.442124" elapsed="0.953296"/>
</branch>
<status status="PASS" start="2024-02-07T14:36:41.439129" elapsed="0.956291"/>
</if>
<status status="PASS" start="2024-02-07T14:36:41.413084" elapsed="0.982336"/>
</kw>
<kw name="Click Element" owner="SeleniumLibrary">
<msg time="2024-02-07T14:36:42.396358" level="INFO">Clicking element 'xpath:/html/body/div[1]/div[3]/div[2]/button'.</msg>
<arg>xpath:/html/body/div[1]/div[3]/div[2]/button</arg>
<doc>Click the element identified by ``locator``.</doc>
<status status="PASS" start="2024-02-07T14:36:42.396358" elapsed="0.047735"/>
</kw>
<kw name="Click Element" owner="SeleniumLibrary">
<msg time="2024-02-07T14:36:42.445090" level="INFO">Clicking element 'xpath:/html/body/div[1]/div[2]/div[1]/button'.</msg>
<arg>xpath:/html/body/div[1]/div[2]/div[1]/button</arg>
<doc>Click the element identified by ``locator``.</doc>
<status status="PASS" start="2024-02-07T14:36:42.445090" elapsed="0.051250"/>
</kw>
<kw name="Click Element" owner="SeleniumLibrary">
<msg time="2024-02-07T14:36:42.496340" level="INFO">Clicking element '//*[@id="cart"]'.</msg>
<arg>//*[@id="cart"]</arg>
<doc>Click the element identified by ``locator``.</doc>
<status status="PASS" start="2024-02-07T14:36:42.496340" elapsed="0.163594"/>
</kw>
<kw name="verification du montant">
<kw name="Get Text" owner="SeleniumLibrary">
<msg time="2024-02-07T14:36:43.341496" level="INFO">${amount1} = 160</msg>
<var>${amount1}</var>
<arg>xpath:/html/body/div[1]/div[2]/table/tbody/tr[1]/td[2]</arg>
<doc>Returns the text value of the element identified by ``locator``.</doc>
<status status="PASS" start="2024-02-07T14:36:42.661108" elapsed="0.680666"/>
</kw>
<kw name="Get Text" owner="SeleniumLibrary">
<msg time="2024-02-07T14:36:43.361393" level="INFO">${amount2} = 116</msg>
<var>${amount2}</var>
<arg>xpath:/html/body/div[1]/div[2]/table/tbody/tr[2]/td[2]</arg>
<doc>Returns the text value of the element identified by ``locator``.</doc>
<status status="PASS" start="2024-02-07T14:36:43.341774" elapsed="0.019619"/>
</kw>
<kw name="Convert To Number" owner="BuiltIn">
<msg time="2024-02-07T14:36:43.362427" level="INFO">${number1} = 160.0</msg>
<var>${number1}</var>
<arg>${amount1}</arg>
<doc>Converts the given item to a floating point number.</doc>
<status status="PASS" start="2024-02-07T14:36:43.362427" elapsed="0.000000"/>
</kw>
<kw name="Convert To Number" owner="BuiltIn">
<msg time="2024-02-07T14:36:43.363390" level="INFO">${number2} = 116.0</msg>
<var>${number2}</var>
<arg>${amount2}</arg>
<doc>Converts the given item to a floating point number.</doc>
<status status="PASS" start="2024-02-07T14:36:43.363390" elapsed="0.000000"/>
</kw>
<kw name="Evaluate" owner="BuiltIn">
<msg time="2024-02-07T14:36:43.364384" level="INFO">${sum} = 276.0</msg>
<var>${sum}</var>
<arg>${number1} + ${number2}</arg>
<doc>Evaluates the given expression in Python and returns the result.</doc>
<status status="PASS" start="2024-02-07T14:36:43.363390" elapsed="0.000994"/>
</kw>
<kw name="Get Text" owner="SeleniumLibrary">
<msg time="2024-02-07T14:36:43.383912" level="INFO">${total_text} = Total: Rupees 276</msg>
<var>${total_text}</var>
<arg>css=.justify-content-center.h4.top-space-20#total</arg>
<doc>Returns the text value of the element identified by ``locator``.</doc>
<status status="PASS" start="2024-02-07T14:36:43.364384" elapsed="0.019528"/>
</kw>
<kw name="Fetch From Right" owner="String">
<msg time="2024-02-07T14:36:43.385039" level="INFO">${total_number} =  276</msg>
<var>${total_number}</var>
<arg>${total_text}</arg>
<arg>Rupees</arg>
<doc>Returns contents of the ``string`` after the last occurrence of ``marker``.</doc>
<status status="PASS" start="2024-02-07T14:36:43.383912" elapsed="0.001127"/>
</kw>
<kw name="Convert To Number" owner="BuiltIn">
<msg time="2024-02-07T14:36:43.385039" level="INFO">${total_number} = 276.0</msg>
<var>${total_number}</var>
<arg>${total_number}</arg>
<doc>Converts the given item to a floating point number.</doc>
<status status="PASS" start="2024-02-07T14:36:43.385039" elapsed="0.000868"/>
</kw>
<kw name="Should Be Equal As Numbers" owner="BuiltIn">
<arg>${sum}</arg>
<arg>${total_number}</arg>
<doc>Fails if objects are unequal after converting them to real numbers.</doc>
<status status="PASS" start="2024-02-07T14:36:43.385907" elapsed="0.000000"/>
</kw>
<status status="PASS" start="2024-02-07T14:36:42.661108" elapsed="0.724799"/>
</kw>
<kw name="Click Element" owner="SeleniumLibrary">
<msg time="2024-02-07T14:36:43.386904" level="INFO">Clicking element 'xpath:/html/body/div[1]/div[3]/form/button/span'.</msg>
<arg>xpath:/html/body/div[1]/div[3]/form/button/span</arg>
<doc>Click the element identified by ``locator``.</doc>
<status status="PASS" start="2024-02-07T14:36:43.386904" elapsed="0.051077"/>
</kw>
<kw name="Wait Until Element Is Visible" owner="SeleniumLibrary">
<arg>xpath=//iframe[contains(@src, 'https://checkout.stripe.com/v3/oivkx0oP8BgueCG8QFpDfA.html')]</arg>
<doc>Waits until the element ``locator`` is visible.</doc>
<status status="PASS" start="2024-02-07T14:36:43.437981" elapsed="0.030208"/>
</kw>
<kw name="Select Frame" owner="SeleniumLibrary">
<msg time="2024-02-07T14:36:43.469155" level="INFO">Selecting frame 'xpath=//iframe[contains(@src, 'https://checkout.stripe.com/v3/oivkx0oP8BgueCG8QFpDfA.html')]'.</msg>
<arg>xpath=//iframe[contains(@src, 'https://checkout.stripe.com/v3/oivkx0oP8BgueCG8QFpDfA.html')]</arg>
<doc>Sets frame identified by ``locator`` as the current frame.</doc>
<status status="PASS" start="2024-02-07T14:36:43.469155" elapsed="0.029849"/>
</kw>
<kw name="Wait Until Element Is Visible" owner="SeleniumLibrary">
<arg>//*[@id="email"]</arg>
<doc>Waits until the element ``locator`` is visible.</doc>
<status status="PASS" start="2024-02-07T14:36:43.500126" elapsed="0.536094"/>
</kw>
<kw name="Input Text" owner="SeleniumLibrary">
<msg time="2024-02-07T14:36:44.036220" level="INFO">Typing text 'test@test.com' into text field 'xpath=//*[@id="email"]'.</msg>
<arg>xpath=//*[@id="email"]</arg>
<arg>${email_address}</arg>
<doc>Types the given ``text`` into the text field identified by ``locator``.</doc>
<status status="PASS" start="2024-02-07T14:36:44.036220" elapsed="0.118785"/>
</kw>
<kw name="carte number">
<kw name="Set Variable" owner="BuiltIn">
<msg time="2024-02-07T14:36:44.157328" level="INFO">${card_number} = 4242 4242 4242 4242</msg>
<var>${card_number}</var>
<arg>4242 4242 4242 4242</arg>
<doc>Returns the given values which can then be assigned to a variables.</doc>
<status status="PASS" start="2024-02-07T14:36:44.157328" elapsed="0.000669"/>
</kw>
<for flavor="IN RANGE">
<iter>
<kw name="Input Text" owner="SeleniumLibrary">
<msg time="2024-02-07T14:36:44.158994" level="INFO">Typing text '4242' into text field '//*[@id="card_number"]'.</msg>
<arg>locator=//*[@id="card_number"]</arg>
<arg>text=4242</arg>
<arg>clear=${False}</arg>
<doc>Types the given ``text`` into the text field identified by ``locator``.</doc>
<status status="PASS" start="2024-02-07T14:36:44.157997" elapsed="0.077074"/>
</kw>
<var name="${i}">0</var>
<status status="PASS" start="2024-02-07T14:36:44.157997" elapsed="0.077074"/>
</iter>
<iter>
<kw name="Input Text" owner="SeleniumLibrary">
<msg time="2024-02-07T14:36:44.236096" level="INFO">Typing text '4242' into text field '//*[@id="card_number"]'.</msg>
<arg>locator=//*[@id="card_number"]</arg>
<arg>text=4242</arg>
<arg>clear=${False}</arg>
<doc>Types the given ``text`` into the text field identified by ``locator``.</doc>
<status status="PASS" start="2024-02-07T14:36:44.236096" elapsed="0.076965"/>
</kw>
<var name="${i}">1</var>
<status status="PASS" start="2024-02-07T14:36:44.236096" elapsed="0.076965"/>
</iter>
<iter>
<kw name="Input Text" owner="SeleniumLibrary">
<msg time="2024-02-07T14:36:44.314059" level="INFO">Typing text '4242' into text field '//*[@id="card_number"]'.</msg>
<arg>locator=//*[@id="card_number"]</arg>
<arg>text=4242</arg>
<arg>clear=${False}</arg>
<doc>Types the given ``text`` into the text field identified by ``locator``.</doc>
<status status="PASS" start="2024-02-07T14:36:44.314059" elapsed="0.035494"/>
</kw>
<var name="${i}">2</var>
<status status="PASS" start="2024-02-07T14:36:44.313061" elapsed="0.036492"/>
</iter>
<iter>
<kw name="Input Text" owner="SeleniumLibrary">
<msg time="2024-02-07T14:36:44.350554" level="INFO">Typing text '4242' into text field '//*[@id="card_number"]'.</msg>
<arg>locator=//*[@id="card_number"]</arg>
<arg>text=4242</arg>
<arg>clear=${False}</arg>
<doc>Types the given ``text`` into the text field identified by ``locator``.</doc>
<status status="PASS" start="2024-02-07T14:36:44.349553" elapsed="0.033704"/>
</kw>
<var name="${i}">3</var>
<status status="PASS" start="2024-02-07T14:36:44.349553" elapsed="0.033704"/>
</iter>
<var>${i}</var>
<value>4</value>
<status status="PASS" start="2024-02-07T14:36:44.157997" elapsed="0.225260"/>
</for>
<status status="PASS" start="2024-02-07T14:36:44.156215" elapsed="0.227938"/>
</kw>
<kw name="Input Text" owner="SeleniumLibrary">
<msg time="2024-02-07T14:36:44.384153" level="INFO">Typing text '123' into text field '//*[@id="cc-csc"]'.</msg>
<arg>locator=//*[@id="cc-csc"]</arg>
<arg>text=123</arg>
<doc>Types the given ``text`` into the text field identified by ``locator``.</doc>
<status status="PASS" start="2024-02-07T14:36:44.384153" elapsed="0.093607"/>
</kw>
<kw name="date expiration">
<kw name="Input Text" owner="SeleniumLibrary">
<msg time="2024-02-07T14:36:44.479153" level="INFO">Typing text '11' into text field 'id=cc-exp'.</msg>
<arg>id=cc-exp</arg>
<arg>${month}</arg>
<arg>clear=${False}</arg>
<doc>Types the given ``text`` into the text field identified by ``locator``.</doc>
<status status="PASS" start="2024-02-07T14:36:44.478637" elapsed="0.055940"/>
</kw>
<kw name="Input Text" owner="SeleniumLibrary">
<msg time="2024-02-07T14:36:44.535575" level="INFO">Typing text '27' into text field 'id=cc-exp'.</msg>
<arg>id=cc-exp</arg>
<arg>${year}</arg>
<arg>clear=${False}</arg>
<doc>Types the given ``text`` into the text field identified by ``locator``.</doc>
<status status="PASS" start="2024-02-07T14:36:44.535575" elapsed="0.035561"/>
</kw>
<status status="PASS" start="2024-02-07T14:36:44.478637" elapsed="0.092499"/>
</kw>
<kw name="Input Text" owner="SeleniumLibrary">
<msg time="2024-02-07T14:36:44.574131" level="INFO">Typing text '12345' into text field '//*[@id="billing-zip"]'.</msg>
<msg time="2024-02-07T14:36:44.751845" level="INFO" html="true">&lt;/td&gt;&lt;/tr&gt;&lt;tr&gt;&lt;td colspan="3"&gt;&lt;a href="selenium-screenshot-54.png"&gt;&lt;img src="selenium-screenshot-54.png" width="800px"&gt;&lt;/a&gt;</msg>
<msg time="2024-02-07T14:36:44.751845" level="FAIL">ElementNotInteractableException: Message: element not interactable
  (Session info: chrome=120.0.6099.227)
Stacktrace:
	GetHandleVerifier [0x00007FF7A7CC2142+3514994]
	(No symbol) [0x00007FF7A78E0CE2]
	(No symbol) [0x00007FF7A77874C3]
	(No symbol) [0x00007FF7A77C8336]
	(No symbol) [0x00007FF7A77F5FEA]
	(No symbol) [0x00007FF7A77C63B6]
	(No symbol) [0x00007FF7A77F6490]
	(No symbol) [0x00007FF7A78128F6]
	(No symbol) [0x00007FF7A77F5D93]
	(No symbol) [0x00007FF7A77C4BDC]
	(No symbol) [0x00007FF7A77C5C64]
	GetHandleVerifier [0x00007FF7A7CEE16B+3695259]
	GetHandleVerifier [0x00007FF7A7D46737+4057191]
	GetHandleVerifier [0x00007FF7A7D3E4E3+4023827]
	GetHandleVerifier [0x00007FF7A7A104F9+689705]
	(No symbol) [0x00007FF7A78EC048]
	(No symbol) [0x00007FF7A78E8044]
	(No symbol) [0x00007FF7A78E81C9]
	(No symbol) [0x00007FF7A78D88C4]
	BaseThreadInitThunk [0x00007FF872787344+20]
	RtlUserThreadStart [0x00007FF873E426B1+33]
</msg>
<arg>locator=//*[@id="billing-zip"]</arg>
<arg>text=12345</arg>
<doc>Types the given ``text`` into the text field identified by ``locator``.</doc>
<status status="FAIL" start="2024-02-07T14:36:44.573221" elapsed="0.184713">ElementNotInteractableException: Message: element not interactable
  (Session info: chrome=120.0.6099.227)
Stacktrace:
	GetHandleVerifier [0x00007FF7A7CC2142+3514994]
	(No symbol) [0x00007FF7A78E0CE2]
	(No symbol) [0x00007FF7A77874C3]
	(No symbol) [0x00007FF7A77C8336]
	(No symbol) [0x00007FF7A77F5FEA]
	(No symbol) [0x00007FF7A77C63B6]
	(No symbol) [0x00007FF7A77F6490]
	(No symbol) [0x00007FF7A78128F6]
	(No symbol) [0x00007FF7A77F5D93]
	(No symbol) [0x00007FF7A77C4BDC]
	(No symbol) [0x00007FF7A77C5C64]
	GetHandleVerifier [0x00007FF7A7CEE16B+3695259]
	GetHandleVerifier [0x00007FF7A7D46737+4057191]
	GetHandleVerifier [0x00007FF7A7D3E4E3+4023827]
	GetHandleVerifier [0x00007FF7A7A104F9+689705]
	(No symbol) [0x00007FF7A78EC048]
	(No symbol) [0x00007FF7A78E8044]
	(No symbol) [0x00007FF7A78E81C9]
	(No symbol) [0x00007FF7A78D88C4]
	BaseThreadInitThunk [0x00007FF872787344+20]
	RtlUserThreadStart [0x00007FF873E426B1+33]
</status>
</kw>
<kw name="Click Element" owner="SeleniumLibrary">
<arg>//*[@id="submitButton"]/span/span</arg>
<doc>Click the element identified by ``locator``.</doc>
<status status="NOT RUN" start="2024-02-07T14:36:44.758859" elapsed="0.000000"/>
</kw>
<kw name="Unselect Frame" owner="SeleniumLibrary">
<doc>Sets the main frame as the current frame.</doc>
<status status="NOT RUN" start="2024-02-07T14:36:44.758859" elapsed="0.000000"/>
</kw>
<kw name="Sleep" owner="BuiltIn">
<arg>10s</arg>
<doc>Pauses the test executed for the given time.</doc>
<status status="NOT RUN" start="2024-02-07T14:36:44.759855" elapsed="0.000000"/>
</kw>
<kw name="verifier">
<arg>xpath=/html/body/div[1]/div[1]/h2</arg>
<arg>PAYMENT SUCCESS</arg>
<status status="NOT RUN" start="2024-02-07T14:36:44.760070" elapsed="0.000000"/>
</kw>
<kw name="Fermer navigateur">
<arg>${sleep}</arg>
<status status="NOT RUN" start="2024-02-07T14:36:44.760070" elapsed="0.000779"/>
</kw>
<status status="FAIL" start="2024-02-07T14:36:34.140100" elapsed="10.620749">ElementNotInteractableException: Message: element not interactable
  (Session info: chrome=120.0.6099.227)
Stacktrace:
	GetHandleVerifier [0x00007FF7A7CC2142+3514994]
	(No symbol) [0x00007FF7A78E0CE2]
	(No symbol) [0x00007FF7A77874C3]
	(No symbol) [0x00007FF7A77C8336]
	(No symbol) [0x00007FF7A77F5FEA]
	(No symbol) [0x00007FF7A77C63B6]
	(No symbol) [0x00007FF7A77F6490]
	(No symbol) [0x00007FF7A78128F6]
	(No symbol) [0x00007FF7A77F5D93]
	(No symbol) [0x00007FF7A77C4BDC]
	(No symbol) [0x00007FF7A77C5C64]
	GetHandleVerifier [0x00007FF7A7CEE16B+3695259]
	GetHandleVerifier [0x00007FF7A7D46737+4057191]
	GetHandleVerifier [0x00007FF7A7D3E4E3+4023827]
	GetHandleVerifier [0x00007FF7A7A104F9+689705]
	(No symbol) [0x00007FF7A78EC048]
	(No symbol) [0x00007FF7A78E8044]
	(No symbol) [0x00007FF7A78E81C9]
	(No symbol) [0x00007FF7A78D88C4]
	BaseThreadInitThunk [0x00007FF872787344+20]
	RtlUserThreadStart [0x00007FF873E426B1+33]
</status>
</test>
<status status="FAIL" start="2024-02-07T14:36:03.673430" elapsed="41.090379"/>
</suite>
<status status="FAIL" start="2024-02-07T14:36:03.670437" elapsed="41.095398"/>
</suite>
<status status="FAIL" start="2024-02-07T14:36:03.668110" elapsed="41.099689"/>
</suite>
<status status="FAIL" start="2024-02-07T14:36:03.645082" elapsed="41.124816"/>
</suite>
<statistics>
<total>
<stat pass="1" fail="1" skip="0">All Tests</stat>
</total>
<tag>
</tag>
<suite>
<stat pass="1" fail="1" skip="0" id="s1" name="Robot frame">Robot frame</stat>
<stat pass="1" fail="1" skip="0" id="s1-s1" name="Projetp2">Robot frame.Projetp2</stat>
<stat pass="1" fail="1" skip="0" id="s1-s1-s1" name="Tests">Robot frame.Projetp2.Tests</stat>
<stat pass="1" fail="1" skip="0" id="s1-s1-s1-s1" name="Vente">Robot frame.Projetp2.Tests.Vente</stat>
</suite>
</statistics>
<errors>
</errors>
</robot>
